Arguments: 
  /usr/local/Cellar/node@10/10.16.0/bin/node /usr/local/Cellar/yarn/1.19.1/libexec/bin/yarn.js docs:dev

PATH: 
  /Users/coderw/FlutterSDK/flutter/bin:/usr/local/opt/node@10/bin:/Users/coderw/bin:/usr/local/bin:/usr/local/opt/node@10/bin:/usr/local/bin:/usr/bin:/bin:/usr/sbin:/sbin

Yarn version: 
  1.19.1

Node version: 
  10.16.0

Platform: 
  darwin x64

Trace: 
  SyntaxError: /Users/coderw/Desktop/Blog-VuePress/package.json: Unexpected token } in JSON at position 188
      at JSON.parse (<anonymous>)
      at /usr/local/Cellar/yarn/1.19.1/libexec/lib/cli.js:1625:59
      at Generator.next (<anonymous>)
      at step (/usr/local/Cellar/yarn/1.19.1/libexec/lib/cli.js:304:30)
      at /usr/local/Cellar/yarn/1.19.1/libexec/lib/cli.js:315:13

npm manifest: 
  {
    "name": "Blog-VuePress",
    "version": "1.0.0",
    "main": "index.js",
    "scripts": {
      "github": "sh deploy.sh",
      "dev": "vuepress dev docs",
      "build": "vuepress build docs",
    },
    "repository": "https://github.com/dalewang1995/Blog-VuePress.git",
    "author": "dale_na@163.com",
    "license": "MIT"
  }

yarn manifest: 
  No manifest

Lockfile: 
  No lockfile
